<?xml version="1.0" encoding="UTF-8"?><testsuite name="Firefox_280_Linux.Unit tests for webapp custom field model." errors="0" failures="0" tests="15" time="0.031000001">
<testcase classname="Firefox_280_Linux.Unit tests for webapp custom field model." name="Check custom field correct url." time="0.001"/>
<testcase classname="Firefox_280_Linux.Unit tests for webapp custom field model." name="Check custom field instantiation ok with number id." time="0.005"/>
<testcase classname="Firefox_280_Linux.Unit tests for webapp custom field model." name="Check custom field instantiation ok with string id that is a number." time="0.002"/>
<testcase classname="Firefox_280_Linux.Unit tests for webapp custom field model." name="Check custom field instantiation ok with string id that is a number with spaces." time="0.001"/>
<testcase classname="Firefox_280_Linux.Unit tests for webapp custom field model." name="Check custom field instantiation failure with string id that is a number with spaces." time="0.001"/>
<testcase classname="Firefox_280_Linux.Unit tests for webapp custom field model." name="Check custom field instantiation failure with negative id" time="0.0"/>
<testcase classname="Firefox_280_Linux.Unit tests for webapp custom field model." name="Check custom field instantiation failure with negative id as string" time="0.0"/>
<testcase classname="Firefox_280_Linux.Unit tests for webapp custom field model." name="Check custom field instantiation failure with null id" time="0.001"/>
<testcase classname="Firefox_280_Linux.Unit tests for webapp custom field model." name="Check custom field instantiation failure with NaN id" time="0.0"/>
<testcase classname="Firefox_280_Linux.Unit tests for webapp custom field model." name="Check custom field instantiation failure with undefined id" time="0.0"/>
<testcase classname="Firefox_280_Linux.Unit tests for webapp custom field model." name="Check custom field instantiation failure with missing id" time="0.0"/>
<testcase classname="Firefox_280_Linux.Unit tests for webapp custom field model." name="Check custom field instantiation failure with missing attributes" time="0.005"/>
<testcase classname="Firefox_280_Linux.Unit tests for webapp custom field model." name="Check custom field set ok." time="0.001"/>
<testcase classname="Firefox_280_Linux.Unit tests for webapp custom field model." name="Check save for new custom field" time="0.003"/>
<testcase classname="Firefox_280_Linux.Unit tests for webapp custom field model." name="Check save for existing custom field" time="0.011"/>
</testsuite>
