<?xml version="1.0" encoding="UTF-8"?><testsuite name="Firefox_280_Linux.Unit tests for item category model." errors="0" failures="0" tests="4" time="0.004">
<testcase classname="Firefox_280_Linux.Unit tests for item category model." name="Test Item Category Endpoint is correct" time="0.001"/>
<testcase classname="Firefox_280_Linux.Unit tests for item category model." name="Test url does not contain additional data" time="0.0"/>
<testcase classname="Firefox_280_Linux.Unit tests for item category model." name="Test toJSON override returns the array alone" time="0.001"/>
<testcase classname="Firefox_280_Linux.Unit tests for item category model." name="Test save calls a PUT method with the inner array" time="0.002"/>
</testsuite>
