<?xml version="1.0" encoding="UTF-8"?><testsuite name="Firefox_280_Linux.Unit tests for BC base model class." errors="0" failures="0" tests="13" time="0.158">
<testcase classname="Firefox_280_Linux.Unit tests for BC base model class." name="Check attributes default values." time="0.001"/>
<testcase classname="Firefox_280_Linux.Unit tests for BC base model class." name="Check attributes initialization through constructor." time="0.005"/>
<testcase classname="Firefox_280_Linux.Unit tests for BC base model class." name="Check default authorization site header" time="0.006"/>
<testcase classname="Firefox_280_Linux.Unit tests for BC base model class." name="Check attributes initialization through set." time="0.006"/>
<testcase classname="Firefox_280_Linux.Unit tests for BC base model class." name="Check url built ok." time="0.0"/>
<testcase classname="Firefox_280_Linux.Unit tests for BC base model class." name="Check error raised if no endpoint defined." time="0.001"/>
<testcase classname="Firefox_280_Linux.Unit tests for BC base model class." name="Check save operation ok." time="0.08"/>
<testcase classname="Firefox_280_Linux.Unit tests for BC base model class." name="Check save operation error execute error handler." time="0.006"/>
<testcase classname="Firefox_280_Linux.Unit tests for BC base model class." name="Check model update operation ok." time="0.037"/>
<testcase classname="Firefox_280_Linux.Unit tests for BC base model class." name="Check model update operation error handler invoked." time="0.009"/>
<testcase classname="Firefox_280_Linux.Unit tests for BC base model class." name="Check save operation without params - it used to crash in the past." time="0.002"/>
<testcase classname="Firefox_280_Linux.Unit tests for BC base model class." name="Check destroy operation executes ok." time="0.003"/>
<testcase classname="Firefox_280_Linux.Unit tests for BC base model class." name="Check destroy error handler invoked." time="0.002"/>
</testsuite>
