<?xml version="1.0" encoding="UTF-8"?><testsuite name="Firefox_280_Linux.BCAPI.Models.FileSystem BCAPI.Models.FileSystem.Folder" errors="0" failures="0" tests="8" time="0.067">
<testcase classname="Firefox_280_Linux.BCAPI.Models.FileSystem BCAPI.Models.FileSystem.Folder" name="should allow instantiation using name in constructor arg" time="0.001"/>
<testcase classname="Firefox_280_Linux.BCAPI.Models.FileSystem BCAPI.Models.FileSystem.Folder" name="should allow instantiation using path in attributes" time="0.029"/>
<testcase classname="Firefox_280_Linux.BCAPI.Models.FileSystem BCAPI.Models.FileSystem.Folder" name="should allow instantiation using a parent folder and a name" time="0.001"/>
<testcase classname="Firefox_280_Linux.BCAPI.Models.FileSystem BCAPI.Models.FileSystem.Folder" name="should automatically add the &quot;/&quot; prefix to path if not already added" time="0.002"/>
<testcase classname="Firefox_280_Linux.BCAPI.Models.FileSystem BCAPI.Models.FileSystem.Folder" name="Folders should have the &quot;type&quot; property with value &quot;folder&quot; " time="0.001"/>
<testcase classname="Firefox_280_Linux.BCAPI.Models.FileSystem BCAPI.Models.FileSystem.Folder" name="should properly parse the folder contents" time="0.031"/>
<testcase classname="Firefox_280_Linux.BCAPI.Models.FileSystem BCAPI.Models.FileSystem.Folder" name="should not support save, destroy for the root directory" time="0.001"/>
<testcase classname="Firefox_280_Linux.BCAPI.Models.FileSystem BCAPI.Models.FileSystem.Folder" name="should properly create a file" time="0.001"/>
</testsuite>
