<?xml version="1.0" encoding="UTF-8"?><testsuite name="Firefox_280_Linux.Unit tests for BC base collection class." errors="0" failures="0" tests="8" time="0.187">
<testcase classname="Firefox_280_Linux.Unit tests for BC base collection class." name="Check correct collection instantiation." time="0.001"/>
<testcase classname="Firefox_280_Linux.Unit tests for BC base collection class." name="Check correct collection url." time="0.01"/>
<testcase classname="Firefox_280_Linux.Unit tests for BC base collection class." name="Check correct collection fetch with default values.." time="0.005"/>
<testcase classname="Firefox_280_Linux.Unit tests for BC base collection class." name="Check correct collection fetch pagination." time="0.002"/>
<testcase classname="Firefox_280_Linux.Unit tests for BC base collection class." name="Check correct collection fetch ordering." time="0.001"/>
<testcase classname="Firefox_280_Linux.Unit tests for BC base collection class." name="Check correct collection fetch where." time="0.163"/>
<testcase classname="Firefox_280_Linux.Unit tests for BC base collection class." name="Check correct collection fetch with pagination, filtering and sorting specified." time="0.003"/>
<testcase classname="Firefox_280_Linux.Unit tests for BC base collection class." name="Check correct collection fetch error handling." time="0.002"/>
</testsuite>
