<?xml version="1.0" encoding="UTF-8"?><testsuite name="Firefox_280_Linux.BCAPI.Models.FileSystem BCAPI.Models.FileSystem.File" errors="0" failures="0" tests="9" time="0.012000001">
<testcase classname="Firefox_280_Linux.BCAPI.Models.FileSystem BCAPI.Models.FileSystem.File" name="should allow instantiation by path" time="0.002"/>
<testcase classname="Firefox_280_Linux.BCAPI.Models.FileSystem BCAPI.Models.FileSystem.File" name="should automatically add the root slash" time="0.001"/>
<testcase classname="Firefox_280_Linux.BCAPI.Models.FileSystem BCAPI.Models.FileSystem.File" name="should allow instantiation be specifying parent &amp; name" time="0.002"/>
<testcase classname="Firefox_280_Linux.BCAPI.Models.FileSystem BCAPI.Models.FileSystem.File" name="should throw an error for invalid instantiation parameters" time="0.001"/>
<testcase classname="Firefox_280_Linux.BCAPI.Models.FileSystem BCAPI.Models.FileSystem.File" name="should have the &quot;type&quot; property with value &quot;file&quot;" time="0.001"/>
<testcase classname="Firefox_280_Linux.BCAPI.Models.FileSystem BCAPI.Models.FileSystem.File" name="should change the path after the parent was changed" time="0.001"/>
<testcase classname="Firefox_280_Linux.BCAPI.Models.FileSystem BCAPI.Models.FileSystem.File" name="should change the path after the name was succesfully synced" time="0.001"/>
<testcase classname="Firefox_280_Linux.BCAPI.Models.FileSystem BCAPI.Models.FileSystem.File" name="should have the proper content url" time="0.001"/>
<testcase classname="Firefox_280_Linux.BCAPI.Models.FileSystem BCAPI.Models.FileSystem.File" name="should validate the data" time="0.002"/>
</testsuite>
