<?xml version="1.0" encoding="UTF-8"?><testsuite name="Firefox_280_Linux.Helper.Http Helper.Http.getHashFragments" errors="0" failures="0" tests="3" time="0.0">
<testcase classname="Firefox_280_Linux.Helper.Http Helper.Http.getHashFragments" name="Test if location is undefined" time="0.0"/>
<testcase classname="Firefox_280_Linux.Helper.Http Helper.Http.getHashFragments" name="Test if parameter string is empty (no #)" time="0.0"/>
<testcase classname="Firefox_280_Linux.Helper.Http Helper.Http.getHashFragments" name="Check it returns correct number of parameters" time="0.0"/>
</testsuite>
