<?xml version="1.0" encoding="UTF-8"?><testsuite name="Chrome_290154765_Linux.Helper.Models.WebApp" errors="0" failures="1" tests="1" time="0.007">
<testcase classname="Chrome_290154765_Linux.Helper.Models.WebApp" name="CRUD" time="0.007">
<failure type="failed" message="[{&quot;message&quot;:&quot;Error: Include jQuery.cookie or override BCAPI.Helper.Site.getSiteToken with your own implementation.&quot;,&quot;name&quot;:&quot;Error&quot;,&quot;stack&quot;:&quot;\t\t\tError: Include jQuery.cookie or override BCAPI.Helper.Site.getSiteToken with your own implementation.\n\t\t\tat Function.jQuery.extend.error (lib/jquery.js:516:25)\n\t\t\tat Object.BCAPI.Helper.Site.getSiteToken (src/helper.js:33:15)\n\t\t\tat BCAPI.Models.Model.Backbone.Model.extend.headers (src/models.js:53:43)\n\t\t\tat BCAPI.Models.Model.Backbone.Model.extend.sync (src/models.js:104:49)\n\t\t\tat _.extend.save (lib/backbone.js:492:34)\n\t\t\tat BCAPI.Models.Model.Backbone.Model.extend.save (src/models.js:89:53)\n\t\t\tat null.&lt;anonymous&gt; (test/integration/test_webapp.js:8:34)&quot;}]">			Error: Include jQuery.cookie or override BCAPI.Helper.Site.getSiteToken with your own implementation.
			at Function.jQuery.extend.error (lib/jquery.js:516:25)
			at Object.BCAPI.Helper.Site.getSiteToken (src/helper.js:33:15)
			at BCAPI.Models.Model.Backbone.Model.extend.headers (src/models.js:53:43)
			at BCAPI.Models.Model.Backbone.Model.extend.sync (src/models.js:104:49)
			at _.extend.save (lib/backbone.js:492:34)
			at BCAPI.Models.Model.Backbone.Model.extend.save (src/models.js:89:53)
			at null.&lt;anonymous&gt; (test/integration/test_webapp.js:8:34)

</failure>
</testcase>
</testsuite>
